
[35m[Region: us-west1][0m
[35m=========================
Using Detected Dockerfile
=========================
[0m
context: 38wn-SwMF
[internal] load build definition from Dockerfile
[internal] load build definition from Dockerfile
[internal] load build definition from Dockerfile
[internal] load build definition from Dockerfile
[internal] load build definition from Dockerfile
[internal] load metadata for docker.io/library/node:20-bookworm-slim
[auth] library/node:pull token for registry-1.docker.io
[auth] library/node:pull token for registry-1.docker.io
[internal] load metadata for docker.io/library/node:20-bookworm-slim
[internal] load .dockerignore
[internal] load .dockerignore
[internal] load .dockerignore
[internal] load .dockerignore
[7/7] RUN npm run build
[6/7] COPY . .
[5/7] RUN npm ci
[4/7] COPY package*.json ./
[internal] load build context
[3/7] WORKDIR /app
[2/7] RUN apt-get update && apt-get install -y --no-install-recommends     ca-certificates     fonts-liberation     libasound2     libatk-bridge2.0-0     libatk1.0-0     libc6     libcairo2     libcups2     libdbus-1-3     libexpat1     libfontconfig1     libgbm1     libgcc-s1     libglib2.0-0     libgtk-3-0     libnspr4     libnss3     libpango-1.0-0     libpangocairo-1.0-0     libstdc++6     libx11-6     libx11-xcb1     libxcb1     libxcomposite1     libxcursor1     libxdamage1     libxext6     libxfixes3     libxi6     libxrandr2     libxrender1     libxss1     libxtst6     xdg-utils     && rm -rf /var/lib/apt/lists/*
[1/7] FROM docker.io/library/node:20-bookworm-slim@sha256:1e85773c98c31d4fe5b545e4cb17379e617b348832fb3738b22a08f68dec30f3
[1/7] FROM docker.io/library/node:20-bookworm-slim@sha256:1e85773c98c31d4fe5b545e4cb17379e617b348832fb3738b22a08f68dec30f3
[internal] load build context
[1/7] FROM docker.io/library/node:20-bookworm-slim@sha256:1e85773c98c31d4fe5b545e4cb17379e617b348832fb3738b22a08f68dec30f3
[internal] load build context
[internal] load build context
[2/7] RUN apt-get update && apt-get install -y --no-install-recommends     ca-certificates     fonts-liberation     libasound2     libatk-bridge2.0-0     libatk1.0-0     libc6     libcairo2     libcups2     libdbus-1-3     libexpat1     libfontconfig1     libgbm1     libgcc-s1     libglib2.0-0     libgtk-3-0     libnspr4     libnss3     libpango-1.0-0     libpangocairo-1.0-0     libstdc++6     libx11-6     libx11-xcb1     libxcb1     libxcomposite1     libxcursor1     libxdamage1     libxext6     libxfixes3     libxi6     libxrandr2     libxrender1     libxss1     libxtst6     xdg-utils     && rm -rf /var/lib/apt/lists/*
[3/7] WORKDIR /app
[4/7] COPY package*.json ./
[5/7] RUN npm ci
[6/7] COPY . .
[6/7] COPY . .
[7/7] RUN npm run build

> falisha-whatsapp-bridge@0.1.0 build
> tsc -p tsconfig.json


[7/7] RUN npm run build
exporting to docker image format
exporting to image
[auth] sharing credentials for production-us-west2.railway-registry.com
[auth] sharing credentials for production-us-west2.railway-registry.com
importing to docker
importing to docker
[92mBuild time: 15.04 seconds[0m
