2026-02-04 21:40:07:407 info: Redis connection configuration
2026-02-04 21:40:08:408 info: Test helper endpoints enabled (non-production mode)
2026-02-04 21:40:08:408 warn: Optional env vars not set: WHATSAPP_ACCESS_TOKEN, WHATSAPP_PHONE_NUMBER_ID, WHATSAPP_APP_SECRET, WEBHOOK_VERIFY_TOKEN, PARSER_URL
2026-02-04 21:40:08:408 info: Environment variables loaded
2026-02-04 21:40:08:408 info: Loading routes...
2026-02-04 21:40:08:408 info: Routes loaded successfully
2026-02-04 21:40:08:408 info: Server listening on port 1000
2026-02-04 21:40:08:408 info: Gmail polling worker disabled (set RUN_GMAIL_POLLING=true to enable)
2026-02-04 21:40:08:408 info: Workers not started (set RUN_WORKER=true and configure REDIS_URL)
2026-02-04 21:40:08:408 warn: Document verification will not run automatically. Use POST /api/documents/candidate-documents/:id/reprocess to trigger manually.
2026-02-04 21:40:08:408 info: Server is now listening for connections
2026-02-04 21:40:08:408 info: Redis DNS lookup results
2026-02-04 21:40:08:408 error: Redis client error
2026-02-04 21:40:08:408 warn: Redis connection closed
2026-02-04 21:40:08:408 error: Redis client error
2026-02-04 21:40:08:408 warn: Redis connection closed
2026-02-04 21:40:08:408 error: Redis client error
2026-02-04 21:40:08:408 warn: Redis connection closed
2026-02-04 21:40:09:409 error: Redis client error
2026-02-04 21:40:09:409 warn: Redis connection closed
2026-02-04 21:40:09:409 error: Redis client error
2026-02-04 21:40:09:409 warn: Redis connection closed
2026-02-04 21:40:09:409 error: Redis client error
2026-02-04 21:40:09:409 warn: Redis connection closed
2026-02-04 21:40:09:409 error: Redis client error
2026-02-04 21:40:09:409 warn: Redis connection closed
2026-02-04 21:40:10:4010 error: Redis client error
2026-02-04 21:40:10:4010 warn: Redis connection closed
2026-02-04 21:40:10:4010 error: Redis client error
2026-02-04 21:40:10:4010 warn: Redis connection closed
2026-02-04 21:40:11:4011 error: Redis client error
2026-02-04 21:40:11:4011 warn: Redis connection closed
2026-02-04 21:40:11:4011 error: Redis client error
2026-02-04 21:40:11:4011 warn: Redis connection closed
2026-02-04 21:40:12:4012 error: Redis client error
2026-02-04 21:40:12:4012 warn: Redis connection closed
2026-02-04 21:40:12:4012 error: Redis client error
2026-02-04 21:40:12:4012 warn: Redis connection closed
2026-02-04 21:40:13:4013 error: Redis client error
2026-02-04 21:40:13:4013 warn: Redis connection closed
2026-02-04 21:40:14:4014 error: Redis client error
2026-02-04 21:40:14:4014 warn: Redis connection closed
2026-02-04 21:40:14:4014 error: Redis client error
2026-02-04 21:40:14:4014 warn: Redis connection closed
2026-02-04 21:40:15:4015 error: Redis client error
2026-02-04 21:40:15:4015 warn: Redis connection closed
2026-02-04 21:40:16:4016 error: Redis client error
2026-02-04 21:40:16:4016 warn: Redis connection closed
2026-02-04 21:40:17:4017 error: Redis client error
2026-02-04 21:40:17:4017 warn: Redis connection closed
2026-02-04 21:40:18:4018 error: Redis client error
2026-02-04 21:40:18:4018 warn: Redis connection closed
2026-02-04 21:40:19:4019 error: Redis client error
2026-02-04 21:40:19:4019 warn: Redis connection closed
2026-02-04 21:40:20:4020 error: Redis client error
2026-02-04 21:40:20:4020 warn: Redis connection closed
2026-02-04 21:40:21:4021 error: Redis client error
2026-02-04 21:40:21:4021 warn: Redis connection closed
2026-02-04 21:40:22:4022 error: Redis client error
2026-02-04 21:40:22:4022 warn: Redis connection closed
2026-02-04 21:40:24:4024 error: Redis client error
2026-02-04 21:40:24:4024 warn: Redis connection closed
2026-02-04 21:40:25:4025 error: Redis client error
2026-02-04 21:40:25:4025 warn: Redis connection closed
2026-02-04 21:40:26:4026 error: Redis client error
2026-02-04 21:40:26:4026 warn: Redis connection closed
2026-02-04 21:40:28:4028 error: Redis client error
2026-02-04 21:40:28:4028 warn: Redis connection closed
2026-02-04 21:40:29:4029 error: Redis client error
2026-02-04 21:40:29:4029 warn: Redis connection closed
2026-02-04 21:40:43:4043 info: Redis connection configuration
2026-02-04 21:40:44:4044 info: Test helper endpoints enabled (non-production mode)
2026-02-04 21:40:45:4045 warn: Optional env vars not set: WHATSAPP_ACCESS_TOKEN, WHATSAPP_PHONE_NUMBER_ID, WHATSAPP_APP_SECRET, WEBHOOK_VERIFY_TOKEN, PARSER_URL
2026-02-04 21:40:45:4045 info: Environment variables loaded
2026-02-04 21:40:45:4045 info: Loading routes...
2026-02-04 21:40:45:4045 info: Routes loaded successfully
2026-02-04 21:40:45:4045 info: Server listening on port 1000
2026-02-04 21:40:45:4045 info: Gmail polling worker disabled (set RUN_GMAIL_POLLING=true to enable)
2026-02-04 21:40:45:4045 info: Workers not started (set RUN_WORKER=true and configure REDIS_URL)
2026-02-04 21:40:45:4045 warn: Document verification will not run automatically. Use POST /api/documents/candidate-documents/:id/reprocess to trigger manually.
2026-02-04 21:40:45:4045 info: Server is now listening for connections
2026-02-04 21:40:45:4045 info: Redis DNS lookup results
2026-02-04 21:40:45:4045 error: Redis client error
2026-02-04 21:40:45:4045 warn: Redis connection closed
2026-02-04 21:40:45:4045 error: Redis client error
2026-02-04 21:40:45:4045 warn: Redis connection closed
2026-02-04 21:40:45:4045 error: Redis client error
2026-02-04 21:40:45:4045 warn: Redis connection closed
2026-02-04 21:40:45:4045 error: Redis client error
2026-02-04 21:40:45:4045 warn: Redis connection closed
2026-02-04 21:40:45:4045 error: Redis client error
2026-02-04 21:40:45:4045 warn: Redis connection closed
2026-02-04 21:40:45:4045 error: Redis client error
2026-02-04 21:40:45:4045 warn: Redis connection closed
2026-02-04 21:40:46:4046 error: Redis client error
2026-02-04 21:40:46:4046 warn: Redis connection closed
2026-02-04 21:40:46:4046 error: Redis client error
2026-02-04 21:40:46:4046 warn: Redis connection closed
2026-02-04 21:40:46:4046 error: Redis client error
2026-02-04 21:40:46:4046 warn: Redis connection closed
2026-02-04 21:40:47:4047 error: Redis client error
2026-02-04 21:40:47:4047 warn: Redis connection closed
2026-02-04 21:40:47:4047 error: Redis client error
2026-02-04 21:40:47:4047 warn: Redis connection closed
2026-02-04 21:40:48:4048 error: Redis client error
2026-02-04 21:40:48:4048 warn: Redis connection closed
2026-02-04 21:40:49:4049 error: Redis client error
2026-02-04 21:40:49:4049 warn: Redis connection closed
2026-02-04 21:40:49:4049 error: Redis client error
2026-02-04 21:40:49:4049 warn: Redis connection closed
2026-02-04 21:40:50:4050 error: Redis client error
2026-02-04 21:40:50:4050 warn: Redis connection closed
2026-02-04 21:40:51:4051 error: Redis client error
2026-02-04 21:40:51:4051 warn: Redis connection closed
2026-02-04 21:40:52:4052 error: Redis client error
2026-02-04 21:40:52:4052 warn: Redis connection closed
2026-02-04 21:40:52:4052 error: Redis client error
2026-02-04 21:40:52:4052 warn: Redis connection closed
2026-02-04 21:40:53:4053 error: Redis client error
2026-02-04 21:40:53:4053 warn: Redis connection closed
2026-02-04 21:40:54:4054 error: Redis client error
2026-02-04 21:40:54:4054 warn: Redis connection closed
2026-02-04 21:40:55:4055 error: Redis client error
2026-02-04 21:40:55:4055 warn: Redis connection closed
2026-02-04 21:40:56:4056 error: Redis client error
2026-02-04 21:40:56:4056 warn: Redis connection closed
2026-02-04 21:40:58:4058 error: Redis client error
2026-02-04 21:40:58:4058 warn: Redis connection closed
2026-02-04 21:40:59:4059 error: Redis client error
2026-02-04 21:40:59:4059 warn: Redis connection closed
2026-02-04 21:41:00:410 error: Redis client error
2026-02-04 21:41:00:410 warn: Redis connection closed
2026-02-04 21:41:01:411 error: Redis client error
2026-02-04 21:41:01:411 warn: Redis connection closed
2026-02-04 21:41:02:412 error: Redis client error
2026-02-04 21:41:02:412 warn: Redis connection closed
2026-02-04 21:41:04:414 error: Redis client error
2026-02-04 21:41:04:414 warn: Redis connection closed
2026-02-04 21:41:05:415 error: Redis client error
2026-02-04 21:41:05:415 warn: Redis connection closed
2026-02-04 21:41:07:417 error: Redis client error
2026-02-04 21:41:07:417 warn: Redis connection closed
2026-02-04 21:41:08:418 error: Redis client error
2026-02-04 21:41:08:418 warn: Redis connection closed
2026-02-04 21:41:10:4110 error: Redis client error
2026-02-04 21:41:10:4110 warn: Redis connection closed
2026-02-04 21:41:11:4111 error: Redis client error
2026-02-04 21:41:11:4111 warn: Redis connection closed
2026-02-04 21:41:13:4113 error: Redis client error
2026-02-04 21:41:13:4113 warn: Redis connection closed
2026-02-04 21:41:15:4115 error: Redis client error
2026-02-04 21:41:15:4115 warn: Redis connection closed
2026-02-04 21:41:16:4116 error: Redis client error
2026-02-04 21:41:16:4116 warn: Redis connection closed
2026-02-04 21:41:18:4118 error: Redis client error
2026-02-04 21:41:18:4118 warn: Redis connection closed
2026-02-04 21:41:20:4120 error: Redis client error
2026-02-04 21:41:20:4120 warn: Redis connection closed
2026-02-04 21:41:22:4122 error: Redis client error
2026-02-04 21:41:22:4122 warn: Redis connection closed
2026-02-04 21:41:24:4124 error: Redis client error
2026-02-04 21:41:24:4124 warn: Redis connection closed
2026-02-04 21:41:26:4126 error: Redis client error
2026-02-04 21:41:26:4126 warn: Redis connection closed
2026-02-04 21:41:28:4128 error: Redis client error
2026-02-04 21:41:28:4128 warn: Redis connection closed
2026-02-04 21:41:30:4130 error: Redis client error
2026-02-04 21:41:30:4130 warn: Redis connection closed
2026-02-04 21:41:32:4132 error: Redis client error
2026-02-04 21:41:32:4132 warn: Redis connection closed
2026-02-04 21:41:34:4134 error: Redis client error
2026-02-04 21:41:34:4134 warn: Redis connection closed
2026-02-04 21:41:36:4136 error: Redis client error
2026-02-04 21:41:36:4136 warn: Redis connection closed
2026-02-04 21:41:38:4138 error: Redis client error
2026-02-04 21:41:38:4138 warn: Redis connection closed
2026-02-04 21:41:40:4140 error: Redis client error
2026-02-04 21:41:40:4140 warn: Redis connection closed
2026-02-04 21:41:42:4142 error: Redis client error
2026-02-04 21:41:42:4142 warn: Redis connection closed
2026-02-04 21:41:44:4144 error: Redis client error
2026-02-04 21:41:44:4144 warn: Redis connection closed
2026-02-04 21:41:46:4146 error: Redis client error
2026-02-04 21:41:46:4146 warn: Redis connection closed
2026-02-04 21:41:48:4148 error: Redis client error
2026-02-04 21:41:48:4148 warn: Redis connection closed
2026-02-04 21:41:50:4150 error: Redis client error
2026-02-04 21:41:50:4150 warn: Redis connection closed
2026-02-04 21:41:52:4152 error: Redis client error
2026-02-04 21:41:52:4152 warn: Redis connection closed
2026-02-04 21:41:54:4154 error: Redis client error
2026-02-04 21:41:54:4154 warn: Redis connection closed
2026-02-04 21:41:56:4156 error: Redis client error
2026-02-04 21:41:56:4156 warn: Redis connection closed
2026-02-04 21:41:58:4158 error: Redis client error
2026-02-04 21:41:58:4158 warn: Redis connection closed
2026-02-04 21:42:00:420 error: Redis client error
2026-02-04 21:42:00:420 warn: Redis connection closed
2026-02-04 21:42:02:422 error: Redis client error
2026-02-04 21:42:02:422 warn: Redis connection closed
2026-02-04 21:42:04:424 error: Redis client error
2026-02-04 21:42:04:424 warn: Redis connection closed
2026-02-04 21:42:06:426 error: Redis client error
2026-02-04 21:42:06:426 warn: Redis connection closed
2026-02-04 21:42:08:428 error: Redis client error
2026-02-04 21:42:08:428 warn: Redis connection closed
2026-02-04 21:42:10:4210 error: Redis client error
2026-02-04 21:42:10:4210 warn: Redis connection closed
2026-02-04 21:42:12:4212 error: Redis client error
2026-02-04 21:42:12:4212 warn: Redis connection closed
2026-02-04 21:42:14:4214 error: Redis client error
2026-02-04 21:42:14:4214 warn: Redis connection closed
2026-02-04 21:42:16:4216 error: Redis client error
2026-02-04 21:42:16:4216 warn: Redis connection closed
2026-02-04 21:42:18:4218 error: Redis client error
2026-02-04 21:42:18:4218 warn: Redis connection closed
2026-02-04 21:42:20:4220 error: Redis client error
2026-02-04 21:42:20:4220 warn: Redis connection closed
2026-02-04 21:42:22:4222 error: Redis client error
2026-02-04 21:42:22:4222 warn: Redis connection closed
2026-02-04 21:42:24:4224 error: Redis client error
2026-02-04 21:42:24:4224 warn: Redis connection closed
2026-02-04 21:42:26:4226 error: Redis client error
2026-02-04 21:42:27:4227 warn: Redis connection closed
2026-02-04 21:42:29:4229 error: Redis client error
2026-02-04 21:42:29:4229 warn: Redis connection closed
2026-02-04 21:42:31:4231 error: Redis client error
2026-02-04 21:42:31:4231 warn: Redis connection closed
2026-02-04 21:42:33:4233 error: Redis client error
2026-02-04 21:42:33:4233 warn: Redis connection closed
2026-02-04 21:42:35:4235 error: Redis client error
2026-02-04 21:42:35:4235 warn: Redis connection closed
2026-02-04 21:42:37:4237 error: Redis client error
2026-02-04 21:42:37:4237 warn: Redis connection closed
2026-02-04 21:42:39:4239 error: Redis client error
2026-02-04 21:42:39:4239 warn: Redis connection closed
2026-02-04 21:42:41:4241 error: Redis client error
2026-02-04 21:42:41:4241 warn: Redis connection closed
2026-02-04 21:42:43:4243 error: Redis client error
2026-02-04 21:42:43:4243 warn: Redis connection closed
2026-02-04 21:42:45:4245 error: Redis client error
2026-02-04 21:42:45:4245 warn: Redis connection closed
2026-02-04 21:42:47:4247 error: Redis client error
2026-02-04 21:42:47:4247 warn: Redis connection closed
2026-02-04 21:42:49:4249 error: Redis client error
2026-02-04 21:42:49:4249 warn: Redis connection closed
2026-02-04 21:42:51:4251 error: Redis client error
2026-02-04 21:42:51:4251 warn: Redis connection closed
2026-02-04 21:42:53:4253 error: Redis client error
2026-02-04 21:42:53:4253 warn: Redis connection closed
2026-02-04 21:42:55:4255 error: Redis client error
2026-02-04 21:42:55:4255 warn: Redis connection closed
2026-02-04 21:42:57:4257 error: Redis client error
2026-02-04 21:42:57:4257 warn: Redis connection closed
2026-02-04 21:42:59:4259 error: Redis client error
2026-02-04 21:42:59:4259 warn: Redis connection closed
2026-02-04 21:43:01:431 error: Redis client error
2026-02-04 21:43:01:431 warn: Redis connection closed
2026-02-04 21:43:03:433 error: Redis client error
2026-02-04 21:43:03:433 warn: Redis connection closed
2026-02-04 21:43:05:435 error: Redis client error
2026-02-04 21:43:05:435 warn: Redis connection closed
2026-02-04 21:43:07:437 error: Redis client error
2026-02-04 21:43:07:437 warn: Redis connection closed
2026-02-04 21:43:09:439 error: Redis client error
2026-02-04 21:43:09:439 warn: Redis connection closed
2026-02-04 21:44:47:4447 info: Redis connection configuration
2026-02-04 21:44:48:4448 info: Test helper endpoints enabled (non-production mode)
2026-02-04 21:44:48:4448 warn: Optional env vars not set: WHATSAPP_ACCESS_TOKEN, WHATSAPP_PHONE_NUMBER_ID, WHATSAPP_APP_SECRET, WEBHOOK_VERIFY_TOKEN, PARSER_URL
2026-02-04 21:44:48:4448 info: Environment variables loaded
2026-02-04 21:44:48:4448 info: Loading routes...
2026-02-04 21:44:48:4448 info: Routes loaded successfully
2026-02-04 21:44:48:4448 info: Server listening on port 1000
2026-02-04 21:44:48:4448 info: Gmail polling worker disabled (set RUN_GMAIL_POLLING=true to enable)
2026-02-04 21:44:48:4448 info: Workers not started (set RUN_WORKER=true and configure REDIS_URL)
2026-02-04 21:44:48:4448 warn: Document verification will not run automatically. Use POST /api/documents/candidate-documents/:id/reprocess to trigger manually.
2026-02-04 21:44:48:4448 info: Server is now listening for connections
2026-02-04 21:44:48:4448 info: Redis DNS lookup results
2026-02-04 21:44:48:4448 error: Redis client error
2026-02-04 21:44:48:4448 warn: Redis connection closed
2026-02-04 21:44:48:4448 error: Redis client error
2026-02-04 21:44:48:4448 warn: Redis connection closed
2026-02-04 21:44:48:4448 error: Redis client error
2026-02-04 21:44:48:4448 warn: Redis connection closed
2026-02-04 21:44:49:4449 error: Redis client error
2026-02-04 21:44:49:4449 warn: Redis connection closed
2026-02-04 21:44:49:4449 error: Redis client error
2026-02-04 21:44:49:4449 warn: Redis connection closed
2026-02-04 21:44:49:4449 error: Redis client error
2026-02-04 21:44:49:4449 warn: Redis connection closed
2026-02-04 21:44:49:4449 error: Redis client error
2026-02-04 21:44:49:4449 warn: Redis connection closed
2026-02-04 21:44:50:4450 error: Redis client error
2026-02-04 21:44:50:4450 warn: Redis connection closed
2026-02-04 21:44:50:4450 error: Redis client error
2026-02-04 21:44:50:4450 warn: Redis connection closed
2026-02-04 21:44:51:4451 error: Redis client error
2026-02-04 21:44:51:4451 warn: Redis connection closed
2026-02-04 21:44:51:4451 error: Redis client error
2026-02-04 21:44:51:4451 warn: Redis connection closed
2026-02-04 21:44:52:4452 error: Redis client error
2026-02-04 21:44:52:4452 warn: Redis connection closed
2026-02-04 21:44:52:4452 error: Redis client error
2026-02-04 21:44:52:4452 warn: Redis connection closed
2026-02-04 21:44:53:4453 error: Redis client error
2026-02-04 21:44:53:4453 warn: Redis connection closed
2026-02-04 21:44:54:4454 error: Redis client error
2026-02-04 21:44:54:4454 warn: Redis connection closed
2026-02-04 21:44:54:4454 error: Redis client error
2026-02-04 21:44:54:4454 warn: Redis connection closed
2026-02-04 21:44:55:4455 error: Redis client error
2026-02-04 21:44:55:4455 warn: Redis connection closed
2026-02-04 21:44:56:4456 error: Redis client error
2026-02-04 21:44:56:4456 warn: Redis connection closed
2026-02-04 21:44:57:4457 error: Redis client error
2026-02-04 21:44:57:4457 warn: Redis connection closed
2026-02-04 21:44:58:4458 error: Redis client error
2026-02-04 21:44:58:4458 warn: Redis connection closed
2026-02-04 21:44:59:4459 error: Redis client error
2026-02-04 21:44:59:4459 warn: Redis connection closed
2026-02-04 21:45:00:450 error: Redis client error
2026-02-04 21:45:00:450 warn: Redis connection closed
2026-02-04 21:45:37:4537 info: Redis connection configuration
2026-02-04 21:45:39:4539 info: Test helper endpoints enabled (non-production mode)
2026-02-04 21:45:40:4540 warn: Optional env vars not set: WHATSAPP_ACCESS_TOKEN, WHATSAPP_PHONE_NUMBER_ID, WHATSAPP_APP_SECRET, WEBHOOK_VERIFY_TOKEN, PARSER_URL
2026-02-04 21:45:40:4540 info: Environment variables loaded
2026-02-04 21:45:40:4540 info: Loading routes...
2026-02-04 21:45:40:4540 info: Routes loaded successfully
2026-02-04 21:45:40:4540 info: Server listening on port 1000
2026-02-04 21:45:40:4540 info: Gmail polling worker disabled (set RUN_GMAIL_POLLING=true to enable)
2026-02-04 21:45:40:4540 info: Workers not started (set RUN_WORKER=true and configure REDIS_URL)
2026-02-04 21:45:40:4540 warn: Document verification will not run automatically. Use POST /api/documents/candidate-documents/:id/reprocess to trigger manually.
2026-02-04 21:45:40:4540 info: Server is now listening for connections
2026-02-04 21:45:40:4540 info: Redis DNS lookup results
2026-02-04 21:45:40:4540 error: Redis client error
2026-02-04 21:45:40:4540 warn: Redis connection closed
2026-02-04 21:45:40:4540 error: Redis client error
2026-02-04 21:45:40:4540 warn: Redis connection closed
2026-02-04 21:45:40:4540 error: Redis client error
2026-02-04 21:45:40:4540 warn: Redis connection closed
2026-02-04 21:45:40:4540 error: Redis client error
2026-02-04 21:45:40:4540 warn: Redis connection closed
2026-02-04 21:45:40:4540 error: Redis client error
2026-02-04 21:45:40:4540 warn: Redis connection closed
2026-02-04 21:45:41:4541 error: Redis client error
2026-02-04 21:45:41:4541 warn: Redis connection closed
2026-02-04 21:45:41:4541 error: Redis client error
2026-02-04 21:45:41:4541 warn: Redis connection closed
2026-02-04 21:45:41:4541 error: Redis client error
2026-02-04 21:45:41:4541 warn: Redis connection closed
2026-02-04 21:45:42:4542 error: Redis client error
2026-02-04 21:45:42:4542 warn: Redis connection closed
2026-02-04 21:45:42:4542 error: Redis client error
2026-02-04 21:45:42:4542 warn: Redis connection closed
2026-02-04 21:45:43:4543 error: Redis client error
2026-02-04 21:45:43:4543 warn: Redis connection closed
2026-02-04 21:45:43:4543 error: Redis client error
2026-02-04 21:45:43:4543 warn: Redis connection closed
2026-02-04 21:45:44:4544 error: Redis client error
2026-02-04 21:45:44:4544 warn: Redis connection closed
2026-02-04 21:45:45:4545 error: Redis client error
2026-02-04 21:45:45:4545 warn: Redis connection closed
2026-02-04 21:45:45:4545 error: Redis client error
2026-02-04 21:45:45:4545 warn: Redis connection closed
2026-02-04 21:45:46:4546 error: Redis client error
2026-02-04 21:45:46:4546 warn: Redis connection closed
2026-02-04 21:45:47:4547 error: Redis client error
2026-02-04 21:45:47:4547 warn: Redis connection closed
2026-02-04 21:45:48:4548 error: Redis client error
2026-02-04 21:45:48:4548 warn: Redis connection closed
2026-02-04 21:45:49:4549 error: Redis client error
2026-02-04 21:45:49:4549 warn: Redis connection closed
2026-02-04 21:45:50:4550 error: Redis client error
2026-02-04 21:45:50:4550 warn: Redis connection closed
2026-02-04 21:45:51:4551 error: Redis client error
2026-02-04 21:45:51:4551 warn: Redis connection closed
2026-02-04 21:45:52:4552 error: Redis client error
2026-02-04 21:45:52:4552 warn: Redis connection closed
2026-02-04 21:45:53:4553 error: Redis client error
2026-02-04 21:45:53:4553 warn: Redis connection closed
2026-02-04 21:45:54:4554 error: Redis client error
2026-02-04 21:45:54:4554 warn: Redis connection closed
2026-02-04 21:45:55:4555 error: Redis client error
2026-02-04 21:45:55:4555 warn: Redis connection closed
2026-02-04 21:45:56:4556 error: Redis client error
2026-02-04 21:45:56:4556 warn: Redis connection closed
2026-02-04 21:45:58:4558 error: Redis client error
2026-02-04 21:45:58:4558 warn: Redis connection closed
2026-02-04 21:45:59:4559 error: Redis client error
2026-02-04 21:45:59:4559 warn: Redis connection closed
2026-02-04 21:46:01:461 error: Redis client error
2026-02-04 21:46:01:461 warn: Redis connection closed
2026-02-04 21:46:02:462 error: Redis client error
2026-02-04 21:46:02:462 warn: Redis connection closed
2026-02-04 21:46:04:464 error: Redis client error
2026-02-04 21:46:04:464 warn: Redis connection closed
2026-02-04 21:46:05:465 error: Redis client error
2026-02-04 21:46:05:465 warn: Redis connection closed
2026-02-04 21:46:07:467 error: Redis client error
2026-02-04 21:46:07:467 warn: Redis connection closed
2026-02-04 21:46:08:468 error: Redis client error
2026-02-04 21:46:08:468 warn: Redis connection closed
2026-02-04 21:46:10:4610 error: Redis client error
2026-02-04 21:46:10:4610 warn: Redis connection closed
2026-02-04 21:46:12:4612 error: Redis client error
2026-02-04 21:46:12:4612 warn: Redis connection closed
2026-02-04 21:46:14:4614 error: Redis client error
2026-02-04 21:46:14:4614 warn: Redis connection closed
2026-02-04 21:47:01:471 info: Redis connection configuration
2026-02-04 21:47:02:472 info: Test helper endpoints enabled (non-production mode)
2026-02-04 21:47:02:472 warn: Optional env vars not set: WHATSAPP_ACCESS_TOKEN, WHATSAPP_PHONE_NUMBER_ID, WHATSAPP_APP_SECRET, WEBHOOK_VERIFY_TOKEN, PARSER_URL
2026-02-04 21:47:02:472 info: Environment variables loaded
2026-02-04 21:47:02:472 info: Loading routes...
2026-02-04 21:47:02:472 info: Routes loaded successfully
2026-02-04 21:47:02:472 info: Server listening on port 1000
2026-02-04 21:47:02:472 info: Gmail polling worker disabled (set RUN_GMAIL_POLLING=true to enable)
2026-02-04 21:47:02:472 info: Workers not started (set RUN_WORKER=true and configure REDIS_URL)
2026-02-04 21:47:02:472 warn: Document verification will not run automatically. Use POST /api/documents/candidate-documents/:id/reprocess to trigger manually.
2026-02-04 21:47:02:472 info: Server is now listening for connections
2026-02-04 21:47:02:472 info: Redis DNS lookup results
2026-02-04 21:47:02:472 error: Redis client error
2026-02-04 21:47:02:472 warn: Redis connection closed
2026-02-04 21:47:02:472 error: Redis client error
2026-02-04 21:47:02:472 warn: Redis connection closed
2026-02-04 21:47:02:472 error: Redis client error
2026-02-04 21:47:02:472 warn: Redis connection closed
2026-02-04 21:47:02:472 error: Redis client error
2026-02-04 21:47:02:472 warn: Redis connection closed
2026-02-04 21:47:03:473 error: Redis client error
2026-02-04 21:47:03:473 warn: Redis connection closed
2026-02-04 21:47:03:473 error: Redis client error
2026-02-04 21:47:03:473 warn: Redis connection closed
2026-02-04 21:47:03:473 error: Redis client error
2026-02-04 21:47:03:473 warn: Redis connection closed
2026-02-04 21:47:04:474 error: Redis client error
2026-02-04 21:47:04:474 warn: Redis connection closed
2026-02-04 21:47:04:474 error: Redis client error
2026-02-04 21:47:04:474 warn: Redis connection closed
2026-02-04 21:47:04:474 error: Redis client error
2026-02-04 21:47:04:474 warn: Redis connection closed
2026-02-04 21:47:05:475 error: Redis client error
2026-02-04 21:47:05:475 warn: Redis connection closed
2026-02-04 21:47:05:475 error: Redis client error
2026-02-04 21:47:05:475 warn: Redis connection closed
2026-02-04 21:47:06:476 error: Redis client error
2026-02-04 21:47:06:476 warn: Redis connection closed
2026-02-04 21:47:07:477 error: Redis client error
2026-02-04 21:47:07:477 warn: Redis connection closed
2026-02-04 21:47:07:477 error: Redis client error
2026-02-04 21:47:07:477 warn: Redis connection closed
2026-02-04 21:47:08:478 error: Redis client error
2026-02-04 21:47:08:478 warn: Redis connection closed
2026-02-04 21:47:09:479 error: Redis client error
2026-02-04 21:47:09:479 warn: Redis connection closed
2026-02-04 21:47:10:4710 error: Redis client error
2026-02-04 21:47:10:4710 warn: Redis connection closed
2026-02-04 21:47:11:4711 error: Redis client error
2026-02-04 21:47:11:4711 warn: Redis connection closed
2026-02-04 21:47:12:4712 error: Redis client error
2026-02-04 21:47:12:4712 warn: Redis connection closed
2026-02-04 21:47:13:4713 error: Redis client error
2026-02-04 21:47:13:4713 warn: Redis connection closed
2026-02-04 21:47:14:4714 error: Redis client error
2026-02-04 21:47:14:4714 warn: Redis connection closed
2026-02-04 21:47:15:4715 error: Redis client error
2026-02-04 21:47:15:4715 warn: Redis connection closed
2026-02-04 21:47:16:4716 error: Redis client error
2026-02-04 21:47:16:4716 warn: Redis connection closed
2026-02-04 21:47:17:4717 error: Redis client error
2026-02-04 21:47:17:4717 warn: Redis connection closed
2026-02-04 21:47:19:4719 error: Redis client error
2026-02-04 21:47:19:4719 warn: Redis connection closed
2026-02-04 21:47:20:4720 error: Redis client error
2026-02-04 21:47:20:4720 warn: Redis connection closed
2026-02-04 21:47:21:4721 error: Redis client error
2026-02-04 21:47:21:4721 warn: Redis connection closed
2026-02-04 21:47:23:4723 error: Redis client error
2026-02-04 21:47:23:4723 warn: Redis connection closed
2026-02-04 21:47:24:4724 error: Redis client error
2026-02-04 21:47:24:4724 warn: Redis connection closed
2026-02-04 21:47:26:4726 error: Redis client error
2026-02-04 21:47:26:4726 warn: Redis connection closed
2026-02-04 21:47:27:4727 error: Redis client error
2026-02-04 21:47:27:4727 warn: Redis connection closed
2026-02-04 21:47:29:4729 error: Redis client error
2026-02-04 21:47:29:4729 warn: Redis connection closed
2026-02-04 21:47:31:4731 error: Redis client error
2026-02-04 21:47:31:4731 warn: Redis connection closed
2026-02-04 21:47:32:4732 error: Redis client error
2026-02-04 21:47:32:4732 warn: Redis connection closed
2026-02-04 21:47:34:4734 error: Redis client error
2026-02-04 21:47:34:4734 warn: Redis connection closed
2026-02-04 21:47:36:4736 error: Redis client error
2026-02-04 21:47:36:4736 warn: Redis connection closed
2026-02-04 21:47:38:4738 error: Redis client error
2026-02-04 21:47:38:4738 warn: Redis connection closed
2026-02-04 21:47:40:4740 error: Redis client error
2026-02-04 21:47:40:4740 warn: Redis connection closed
2026-02-04 21:47:42:4742 error: Redis client error
2026-02-04 21:47:42:4742 warn: Redis connection closed
2026-02-04 21:47:44:4744 error: Redis client error
2026-02-04 21:47:44:4744 warn: Redis connection closed
2026-02-04 21:47:46:4746 error: Redis client error
2026-02-04 21:47:46:4746 warn: Redis connection closed
2026-02-04 21:47:48:4748 error: Redis client error
2026-02-04 21:47:48:4748 warn: Redis connection closed
2026-02-04 21:47:50:4750 error: Redis client error
2026-02-04 21:47:50:4750 warn: Redis connection closed
2026-02-04 21:47:52:4752 error: Redis client error
2026-02-04 21:47:52:4752 warn: Redis connection closed
2026-02-04 21:47:54:4754 error: Redis client error
2026-02-04 21:47:54:4754 warn: Redis connection closed
2026-02-04 21:47:56:4756 error: Redis client error
2026-02-04 21:47:56:4756 warn: Redis connection closed
2026-02-04 21:47:58:4758 error: Redis client error
2026-02-04 21:47:58:4758 warn: Redis connection closed
2026-02-04 21:48:00:480 error: Redis client error
2026-02-04 21:48:00:480 warn: Redis connection closed
2026-02-04 21:48:02:482 error: Redis client error
2026-02-04 21:48:02:482 warn: Redis connection closed
2026-02-04 21:48:04:484 error: Redis client error
2026-02-04 21:48:04:484 warn: Redis connection closed
2026-02-04 21:48:06:486 error: Redis client error
2026-02-04 21:48:06:486 warn: Redis connection closed
2026-02-04 21:48:08:488 error: Redis client error
2026-02-04 21:48:08:488 warn: Redis connection closed
2026-02-04 21:48:10:4810 error: Redis client error
2026-02-04 21:48:10:4810 warn: Redis connection closed
2026-02-04 21:48:12:4812 error: Redis client error
2026-02-04 21:48:12:4812 warn: Redis connection closed
2026-02-04 21:48:14:4814 error: Redis client error
2026-02-04 21:48:14:4814 warn: Redis connection closed
2026-02-04 21:48:16:4816 error: Redis client error
2026-02-04 21:48:16:4816 warn: Redis connection closed
2026-02-04 21:48:18:4818 error: Redis client error
2026-02-04 21:48:18:4818 warn: Redis connection closed
2026-02-04 21:48:20:4820 error: Redis client error
2026-02-04 21:48:20:4820 warn: Redis connection closed
2026-02-04 21:48:22:4822 error: Redis client error
2026-02-04 21:48:22:4822 warn: Redis connection closed
2026-02-04 21:48:24:4824 error: Redis client error
2026-02-04 21:48:24:4824 warn: Redis connection closed
2026-02-04 21:48:26:4826 error: Redis client error
2026-02-04 21:48:26:4826 warn: Redis connection closed
2026-02-04 21:48:28:4828 error: Redis client error
2026-02-04 21:48:28:4828 warn: Redis connection closed
2026-02-04 21:48:30:4830 error: Redis client error
2026-02-04 21:48:30:4830 warn: Redis connection closed
2026-02-04 21:48:32:4832 error: Redis client error
2026-02-04 21:48:32:4832 warn: Redis connection closed
2026-02-04 21:48:34:4834 error: Redis client error
2026-02-04 21:48:34:4834 warn: Redis connection closed
2026-02-04 21:48:36:4836 error: Redis client error
2026-02-04 21:48:36:4836 warn: Redis connection closed
2026-02-04 21:48:38:4838 error: Redis client error
2026-02-04 21:48:38:4838 warn: Redis connection closed
2026-02-04 21:48:40:4840 error: Redis client error
2026-02-04 21:48:40:4840 warn: Redis connection closed
2026-02-04 21:48:42:4842 error: Redis client error
2026-02-04 21:48:42:4842 warn: Redis connection closed
2026-02-04 21:48:44:4844 error: Redis client error
2026-02-04 21:48:44:4844 warn: Redis connection closed
2026-02-04 21:48:46:4846 error: Redis client error
2026-02-04 21:48:46:4846 warn: Redis connection closed
2026-02-04 21:48:48:4848 error: Redis client error
2026-02-04 21:48:48:4848 warn: Redis connection closed
2026-02-04 21:48:50:4850 error: Redis client error
2026-02-04 21:48:50:4850 warn: Redis connection closed
2026-02-04 21:49:05:495 info: Redis connection configuration
2026-02-04 21:49:05:495 info: Test helper endpoints enabled (non-production mode)
2026-02-04 21:49:05:495 warn: Optional env vars not set: WHATSAPP_ACCESS_TOKEN, WHATSAPP_PHONE_NUMBER_ID, WHATSAPP_APP_SECRET, WEBHOOK_VERIFY_TOKEN, PARSER_URL
2026-02-04 21:49:05:495 info: Environment variables loaded
2026-02-04 21:49:05:495 info: Loading routes...
2026-02-04 21:49:05:495 info: Routes loaded successfully
2026-02-04 21:49:05:495 info: Server listening on port 1000
2026-02-04 21:49:05:495 info: Gmail polling worker disabled (set RUN_GMAIL_POLLING=true to enable)
2026-02-04 21:49:05:495 info: Workers not started (set RUN_WORKER=true and configure REDIS_URL)
2026-02-04 21:49:05:495 warn: Document verification will not run automatically. Use POST /api/documents/candidate-documents/:id/reprocess to trigger manually.
2026-02-04 21:49:05:495 info: Server is now listening for connections
2026-02-04 21:49:05:495 info: Redis DNS lookup results
2026-02-04 21:49:05:495 error: Redis client error
2026-02-04 21:49:05:495 warn: Redis connection closed
2026-02-04 21:49:05:495 error: Redis client error
2026-02-04 21:49:05:495 warn: Redis connection closed
2026-02-04 21:49:05:495 error: Redis client error
2026-02-04 21:49:05:495 warn: Redis connection closed
2026-02-04 21:49:06:496 error: Redis client error
2026-02-04 21:49:06:496 warn: Redis connection closed
2026-02-04 21:49:06:496 error: Redis client error
2026-02-04 21:49:06:496 warn: Redis connection closed
2026-02-04 21:49:06:496 error: Redis client error
2026-02-04 21:49:06:496 warn: Redis connection closed
2026-02-04 21:49:06:496 error: Redis client error
2026-02-04 21:49:06:496 warn: Redis connection closed
2026-02-04 21:49:07:497 error: Redis client error
2026-02-04 21:49:07:497 warn: Redis connection closed
2026-02-04 21:49:07:497 error: Redis client error
2026-02-04 21:49:07:497 warn: Redis connection closed
2026-02-04 21:49:08:498 error: Redis client error
2026-02-04 21:49:08:498 warn: Redis connection closed
2026-02-04 21:49:08:498 error: Redis client error
2026-02-04 21:49:08:498 warn: Redis connection closed
2026-02-04 21:49:09:499 error: Redis client error
2026-02-04 21:49:09:499 warn: Redis connection closed
2026-02-04 21:49:09:499 error: Redis client error
2026-02-04 21:49:09:499 warn: Redis connection closed
2026-02-04 21:49:10:4910 error: Redis client error
2026-02-04 21:49:10:4910 warn: Redis connection closed
2026-02-04 21:49:11:4911 error: Redis client error
2026-02-04 21:49:11:4911 warn: Redis connection closed
2026-02-04 21:49:11:4911 error: Redis client error
2026-02-04 21:49:11:4911 warn: Redis connection closed
2026-02-04 21:49:12:4912 error: Redis client error
2026-02-04 21:49:12:4912 warn: Redis connection closed
2026-02-04 21:49:13:4913 error: Redis client error
2026-02-04 21:49:13:4913 warn: Redis connection closed
2026-02-04 21:49:14:4914 error: Redis client error
2026-02-04 21:49:14:4914 warn: Redis connection closed
2026-02-04 21:49:15:4915 error: Redis client error
2026-02-04 21:49:15:4915 warn: Redis connection closed
2026-02-04 21:49:16:4916 error: Redis client error
2026-02-04 21:49:16:4916 warn: Redis connection closed
2026-02-04 21:49:17:4917 error: Redis client error
2026-02-04 21:49:17:4917 warn: Redis connection closed
2026-02-04 21:49:18:4918 error: Redis client error
2026-02-04 21:49:18:4918 warn: Redis connection closed
2026-02-04 21:49:19:4919 error: Redis client error
2026-02-04 21:49:19:4919 warn: Redis connection closed
2026-02-04 21:49:51:4951 info: Redis connection configuration
2026-02-04 21:49:52:4952 info: Test helper endpoints enabled (non-production mode)
2026-02-04 21:49:52:4952 warn: Optional env vars not set: WHATSAPP_ACCESS_TOKEN, WHATSAPP_PHONE_NUMBER_ID, WHATSAPP_APP_SECRET, WEBHOOK_VERIFY_TOKEN, PARSER_URL
2026-02-04 21:49:52:4952 info: Environment variables loaded
2026-02-04 21:49:52:4952 info: Loading routes...
2026-02-04 21:49:52:4952 info: Routes loaded successfully
2026-02-04 21:49:52:4952 info: Server listening on port 1000
2026-02-04 21:49:52:4952 info: Gmail polling worker disabled (set RUN_GMAIL_POLLING=true to enable)
2026-02-04 21:49:52:4952 info: Workers not started (set RUN_WORKER=true and configure REDIS_URL)
2026-02-04 21:49:52:4952 warn: Document verification will not run automatically. Use POST /api/documents/candidate-documents/:id/reprocess to trigger manually.
2026-02-04 21:49:52:4952 info: Server is now listening for connections
2026-02-04 21:49:52:4952 info: Redis DNS lookup results
2026-02-04 21:49:52:4952 error: Redis client error
2026-02-04 21:49:52:4952 warn: Redis connection closed
2026-02-04 21:49:52:4952 error: Redis client error
2026-02-04 21:49:52:4952 warn: Redis connection closed
2026-02-04 21:49:52:4952 error: Redis client error
2026-02-04 21:49:52:4952 warn: Redis connection closed
2026-02-04 21:49:52:4952 error: Redis client error
2026-02-04 21:49:52:4952 warn: Redis connection closed
2026-02-04 21:49:52:4952 error: Redis client error
2026-02-04 21:49:52:4952 warn: Redis connection closed
2026-02-04 21:49:53:4953 error: Redis client error
2026-02-04 21:49:53:4953 warn: Redis connection closed
2026-02-04 21:49:53:4953 error: Redis client error
2026-02-04 21:49:53:4953 warn: Redis connection closed
2026-02-04 21:49:53:4953 error: Redis client error
2026-02-04 21:49:53:4953 warn: Redis connection closed
2026-02-04 21:49:54:4954 error: Redis client error
2026-02-04 21:49:54:4954 warn: Redis connection closed
2026-02-04 21:49:54:4954 error: Redis client error
2026-02-04 21:49:54:4954 warn: Redis connection closed
2026-02-04 21:49:55:4955 error: Redis client error
2026-02-04 21:49:55:4955 warn: Redis connection closed
2026-02-04 21:49:55:4955 error: Redis client error
2026-02-04 21:49:55:4955 warn: Redis connection closed
2026-02-04 21:49:56:4956 error: Redis client error
2026-02-04 21:49:56:4956 warn: Redis connection closed
2026-02-04 21:49:57:4957 error: Redis client error
2026-02-04 21:49:57:4957 warn: Redis connection closed
2026-02-04 21:49:57:4957 error: Redis client error
2026-02-04 21:49:57:4957 warn: Redis connection closed
2026-02-04 21:49:58:4958 error: Redis client error
2026-02-04 21:49:58:4958 warn: Redis connection closed
2026-02-04 21:49:59:4959 error: Redis client error
2026-02-04 21:49:59:4959 warn: Redis connection closed
2026-02-04 21:50:00:500 error: Redis client error
2026-02-04 21:50:00:500 warn: Redis connection closed
2026-02-04 21:50:01:501 error: Redis client error
2026-02-04 21:50:01:501 warn: Redis connection closed
2026-02-04 21:50:02:502 error: Redis client error
2026-02-04 21:50:02:502 warn: Redis connection closed
2026-02-04 21:50:03:503 error: Redis client error
2026-02-04 21:50:03:503 warn: Redis connection closed
2026-02-04 21:50:04:504 error: Redis client error
2026-02-04 21:50:04:504 warn: Redis connection closed
2026-02-04 21:50:05:505 error: Redis client error
2026-02-04 21:50:05:505 warn: Redis connection closed
2026-02-04 21:50:06:506 error: Redis client error
2026-02-04 21:50:06:506 warn: Redis connection closed
2026-02-04 21:50:07:507 error: Redis client error
2026-02-04 21:50:07:507 warn: Redis connection closed
2026-02-04 21:50:08:508 error: Redis client error
2026-02-04 21:50:08:508 warn: Redis connection closed
2026-02-04 21:50:10:5010 error: Redis client error
2026-02-04 21:50:10:5010 warn: Redis connection closed
2026-02-04 21:50:11:5011 error: Redis client error
2026-02-04 21:50:11:5011 warn: Redis connection closed
2026-02-04 21:50:12:5012 error: Redis client error
2026-02-04 21:50:13:5013 warn: Redis connection closed
2026-02-04 21:50:14:5014 error: Redis client error
2026-02-04 21:50:14:5014 warn: Redis connection closed
2026-02-04 21:50:15:5015 error: Redis client error
2026-02-04 21:50:15:5015 warn: Redis connection closed
2026-02-04 21:50:17:5017 error: Redis client error
2026-02-04 21:50:17:5017 warn: Redis connection closed
2026-02-04 21:50:19:5019 error: Redis client error
2026-02-04 21:50:19:5019 warn: Redis connection closed
2026-02-04 21:50:20:5020 error: Redis client error
2026-02-04 21:50:20:5020 warn: Redis connection closed
2026-02-04 21:50:22:5022 error: Redis client error
2026-02-04 21:50:22:5022 warn: Redis connection closed
2026-02-04 21:50:24:5024 error: Redis client error
2026-02-04 21:50:24:5024 warn: Redis connection closed
2026-02-04 21:50:26:5026 error: Redis client error
2026-02-04 21:50:26:5026 warn: Redis connection closed
2026-02-04 21:50:28:5028 error: Redis client error
2026-02-04 21:50:28:5028 warn: Redis connection closed
2026-02-04 21:50:29:5029 error: Redis client error
2026-02-04 21:50:29:5029 warn: Redis connection closed
2026-02-04 21:50:31:5031 error: Redis client error
2026-02-04 21:50:31:5031 warn: Redis connection closed
2026-02-04 21:50:33:5033 error: Redis client error
2026-02-04 21:50:33:5033 warn: Redis connection closed
2026-02-04 21:50:35:5035 error: Redis client error
2026-02-04 21:50:35:5035 warn: Redis connection closed
2026-02-04 21:50:37:5037 error: Redis client error
2026-02-04 21:50:37:5037 warn: Redis connection closed
2026-02-04 21:50:39:5039 error: Redis client error
2026-02-04 21:50:39:5039 warn: Redis connection closed
2026-02-04 21:50:41:5041 error: Redis client error
2026-02-04 21:50:41:5041 warn: Redis connection closed
2026-02-04 21:50:43:5043 error: Redis client error
2026-02-04 21:50:43:5043 warn: Redis connection closed
2026-02-04 21:50:46:5046 error: Redis client error
2026-02-04 21:50:46:5046 warn: Redis connection closed
2026-02-04 21:50:48:5048 error: Redis client error
2026-02-04 21:50:48:5048 warn: Redis connection closed
2026-02-04 21:50:50:5050 error: Redis client error
2026-02-04 21:50:50:5050 warn: Redis connection closed
2026-02-04 21:50:52:5052 error: Redis client error
2026-02-04 21:50:52:5052 warn: Redis connection closed
2026-02-04 21:50:54:5054 error: Redis client error
2026-02-04 21:50:54:5054 warn: Redis connection closed
2026-02-04 21:50:56:5056 error: Redis client error
2026-02-04 21:50:56:5056 warn: Redis connection closed
2026-02-04 21:50:58:5058 error: Redis client error
2026-02-04 21:50:58:5058 warn: Redis connection closed
2026-02-04 21:51:00:510 error: Redis client error
2026-02-04 21:51:00:510 warn: Redis connection closed
2026-02-04 21:51:02:512 error: Redis client error
2026-02-04 21:51:02:512 warn: Redis connection closed
2026-02-04 21:51:04:514 error: Redis client error
2026-02-04 21:51:04:514 warn: Redis connection closed
2026-02-04 21:51:06:516 error: Redis client error
2026-02-04 21:51:06:516 warn: Redis connection closed
2026-02-04 21:51:08:518 error: Redis client error
2026-02-04 21:51:08:518 warn: Redis connection closed
2026-02-04 21:51:10:5110 error: Redis client error
2026-02-04 21:51:10:5110 warn: Redis connection closed
2026-02-04 21:51:12:5112 error: Redis client error
2026-02-04 21:51:12:5112 warn: Redis connection closed
2026-02-04 21:51:14:5114 error: Redis client error
2026-02-04 21:51:14:5114 warn: Redis connection closed
2026-02-04 21:51:16:5116 error: Redis client error
2026-02-04 21:51:16:5116 warn: Redis connection closed
2026-02-04 21:51:18:5118 error: Redis client error
2026-02-04 21:51:18:5118 warn: Redis connection closed
2026-02-04 21:51:20:5120 error: Redis client error
2026-02-04 21:51:20:5120 warn: Redis connection closed
2026-02-04 21:51:22:5122 error: Redis client error
2026-02-04 21:51:22:5122 warn: Redis connection closed
2026-02-04 21:51:24:5124 error: Redis client error
2026-02-04 21:51:24:5124 warn: Redis connection closed
2026-02-04 21:51:26:5126 error: Redis client error
2026-02-04 21:51:26:5126 warn: Redis connection closed
2026-02-04 21:51:28:5128 error: Redis client error
2026-02-04 21:51:28:5128 warn: Redis connection closed
2026-02-04 21:51:30:5130 error: Redis client error
2026-02-04 21:51:30:5130 warn: Redis connection closed
2026-02-04 21:51:32:5132 error: Redis client error
2026-02-04 21:51:32:5132 warn: Redis connection closed
2026-02-04 22:38:12:3812 info: Redis connection configuration
2026-02-04 22:38:13:3813 info: Start
2026-02-04 22:38:13:3813 info: Redis DNS lookup results
2026-02-04 22:38:13:3813 error: Redis client error
2026-02-04 22:38:13:3813 warn: Redis connection closed
2026-02-04 22:38:13:3813 error: Redis client error
2026-02-04 22:38:13:3813 warn: Redis connection closed
2026-02-04 22:38:13:3813 error: Redis client error
2026-02-04 22:38:13:3813 warn: Redis connection closed
2026-02-04 22:38:13:3813 error: Redis client error
2026-02-04 22:38:13:3813 warn: Redis connection closed
2026-02-04 22:38:13:3813 error: Redis client error
2026-02-04 22:38:13:3813 warn: Redis connection closed
2026-02-04 22:38:13:3813 error: Redis client error
2026-02-04 22:38:13:3813 warn: Redis connection closed
2026-02-04 22:38:14:3814 error: Redis client error
2026-02-04 22:38:14:3814 warn: Redis connection closed
2026-02-04 22:38:14:3814 info: Using preserved original PDF for extraction
2026-02-04 22:38:14:3814 error: Redis client error
2026-02-04 22:38:14:3814 warn: Redis connection closed
2026-02-04 22:38:16:3816 error: Redis client error
2026-02-04 22:38:16:3816 warn: Redis connection closed
2026-02-04 22:38:16:3816 error: Redis client error
2026-02-04 22:38:16:3816 warn: Redis connection closed
2026-02-04 22:38:17:3817 error: Redis client error
2026-02-04 22:38:17:3817 warn: Redis connection closed
2026-02-04 22:38:17:3817 error: Redis client error
2026-02-04 22:38:17:3817 warn: Redis connection closed
2026-02-04 22:38:18:3818 error: Redis client error
2026-02-04 22:38:18:3818 warn: Redis connection closed
2026-02-04 22:38:19:3819 error: Redis client error
2026-02-04 22:38:19:3819 warn: Redis connection closed
2026-02-04 22:38:19:3819 error: Redis client error
2026-02-04 22:38:19:3819 warn: Redis connection closed
2026-02-04 22:38:20:3820 error: Redis client error
2026-02-04 22:38:20:3820 warn: Redis connection closed
2026-02-04 22:38:21:3821 error: Redis client error
2026-02-04 22:38:21:3821 warn: Redis connection closed
2026-02-04 22:38:22:3822 error: Redis client error
2026-02-04 22:38:22:3822 warn: Redis connection closed
2026-02-04 22:38:23:3823 error: Redis client error
2026-02-04 22:38:23:3823 warn: Redis connection closed
2026-02-04 22:38:24:3824 error: Redis client error
2026-02-04 22:38:24:3824 warn: Redis connection closed
2026-02-04 22:38:25:3825 error: Redis client error
2026-02-04 22:38:25:3825 warn: Redis connection closed
2026-02-04 22:38:26:3826 error: Redis client error
2026-02-04 22:38:26:3826 warn: Redis connection closed
2026-02-04 22:38:27:3827 error: Redis client error
2026-02-04 22:38:27:3827 warn: Redis connection closed
2026-02-04 22:38:28:3828 error: Redis client error
2026-02-04 22:38:28:3828 warn: Redis connection closed
2026-02-04 22:38:29:3829 error: Redis client error
2026-02-04 22:38:29:3829 warn: Redis connection closed
2026-02-04 22:38:31:3831 error: Redis client error
2026-02-04 22:38:31:3831 warn: Redis connection closed
2026-02-04 22:38:32:3832 error: Redis client error
2026-02-04 22:38:32:3832 warn: Redis connection closed
2026-02-04 22:38:33:3833 error: Redis client error
2026-02-04 22:38:33:3833 warn: Redis connection closed
2026-02-04 22:38:35:3835 error: Redis client error
2026-02-04 22:38:35:3835 warn: Redis connection closed
2026-02-04 22:38:36:3836 error: Redis client error
2026-02-04 22:38:36:3836 warn: Redis connection closed
2026-02-04 22:38:38:3838 error: Redis client error
2026-02-04 22:38:38:3838 warn: Redis connection closed
2026-02-04 22:38:39:3839 error: Redis client error
2026-02-04 22:38:39:3839 warn: Redis connection closed
2026-02-04 22:38:41:3841 error: Redis client error
2026-02-04 22:38:41:3841 warn: Redis connection closed
2026-02-04 22:38:43:3843 error: Redis client error
2026-02-04 22:38:43:3843 warn: Redis connection closed
2026-02-04 22:38:44:3844 error: Redis client error
2026-02-04 22:38:44:3844 warn: Redis connection closed
2026-02-04 22:38:46:3846 error: Redis client error
2026-02-04 22:38:46:3846 warn: Redis connection closed
2026-02-04 22:38:48:3848 error: Redis client error
2026-02-04 22:38:48:3848 warn: Redis connection closed
2026-02-04 22:41:31:4131 info: Redis connection configuration
2026-02-04 22:41:31:4131 info: Start
2026-02-04 22:41:31:4131 warn: Redis DNS lookup failed getaddrinfo ENOTFOUND redis-w02s.railway.internal
2026-02-04 22:41:31:4131 error: Redis client error getaddrinfo ENOTFOUND redis-w02s.railway.internal
2026-02-04 22:41:31:4131 warn: Redis connection closed
2026-02-04 22:41:31:4131 error: Redis client error getaddrinfo ENOTFOUND redis-w02s.railway.internal
2026-02-04 22:41:31:4131 warn: Redis connection closed
2026-02-04 22:41:31:4131 error: Redis client error getaddrinfo ENOTFOUND redis-w02s.railway.internal
2026-02-04 22:41:31:4131 warn: Redis connection closed
2026-02-04 22:41:31:4131 error: Redis client error getaddrinfo ENOTFOUND redis-w02s.railway.internal
2026-02-04 22:41:31:4131 warn: Redis connection closed
2026-02-04 22:41:31:4131 error: Redis client error getaddrinfo ENOTFOUND redis-w02s.railway.internal
2026-02-04 22:41:31:4131 warn: Redis connection closed
2026-02-04 22:41:32:4132 error: Redis client error getaddrinfo ENOTFOUND redis-w02s.railway.internal
2026-02-04 22:41:32:4132 warn: Redis connection closed
2026-02-04 22:41:32:4132 info: Using preserved original PDF for extraction
2026-02-04 22:41:32:4132 error: Redis client error getaddrinfo ENOTFOUND redis-w02s.railway.internal
2026-02-04 22:41:32:4132 warn: Redis connection closed
2026-02-04 22:41:32:4132 error: Redis client error getaddrinfo ENOTFOUND redis-w02s.railway.internal
2026-02-04 22:41:32:4132 warn: Redis connection closed
2026-02-04 22:41:33:4133 error: Redis client error getaddrinfo ENOTFOUND redis-w02s.railway.internal
2026-02-04 22:41:33:4133 warn: Redis connection closed
2026-02-04 22:41:33:4133 error: Redis client error getaddrinfo ENOTFOUND redis-w02s.railway.internal
2026-02-04 22:41:33:4133 warn: Redis connection closed
2026-02-04 22:41:34:4134 error: Redis client error getaddrinfo ENOTFOUND redis-w02s.railway.internal
2026-02-04 22:41:34:4134 warn: Redis connection closed
2026-02-04 22:41:34:4134 error: Redis client error getaddrinfo ENOTFOUND redis-w02s.railway.internal
2026-02-04 22:41:34:4134 warn: Redis connection closed
2026-02-04 22:41:35:4135 error: Redis client error getaddrinfo ENOTFOUND redis-w02s.railway.internal
2026-02-04 22:41:35:4135 warn: Redis connection closed
2026-02-04 22:41:36:4136 error: Redis client error getaddrinfo ENOTFOUND redis-w02s.railway.internal
2026-02-04 22:41:36:4136 warn: Redis connection closed
2026-02-04 22:41:36:4136 error: Redis client error getaddrinfo ENOTFOUND redis-w02s.railway.internal
2026-02-04 22:41:36:4136 warn: Redis connection closed
2026-02-04 22:41:37:4137 error: Redis client error getaddrinfo ENOTFOUND redis-w02s.railway.internal
2026-02-04 22:41:37:4137 warn: Redis connection closed
2026-02-04 22:41:38:4138 error: Redis client error getaddrinfo ENOTFOUND redis-w02s.railway.internal
2026-02-04 22:41:38:4138 warn: Redis connection closed
2026-02-04 22:41:39:4139 error: Redis client error getaddrinfo ENOTFOUND redis-w02s.railway.internal
2026-02-04 22:41:39:4139 warn: Redis connection closed
2026-02-04 22:41:40:4140 error: Redis client error getaddrinfo ENOTFOUND redis-w02s.railway.internal
2026-02-04 22:41:40:4140 warn: Redis connection closed
2026-02-04 22:41:41:4141 error: Redis client error getaddrinfo ENOTFOUND redis-w02s.railway.internal
2026-02-04 22:41:41:4141 warn: Redis connection closed
2026-02-04 22:41:41:4141 info: Page scanned
2026-02-04 22:41:42:4142 error: Redis client error getaddrinfo ENOTFOUND redis-w02s.railway.internal
2026-02-04 22:41:42:4142 warn: Redis connection closed
2026-02-04 22:41:43:4143 error: Redis client error getaddrinfo ENOTFOUND redis-w02s.railway.internal
2026-02-04 22:41:43:4143 warn: Redis connection closed
2026-02-04 22:41:44:4144 error: Redis client error getaddrinfo ENOTFOUND redis-w02s.railway.internal
2026-02-04 22:41:44:4144 warn: Redis connection closed
2026-02-04 22:41:45:4145 error: Redis client error getaddrinfo ENOTFOUND redis-w02s.railway.internal
2026-02-04 22:41:45:4145 warn: Redis connection closed
2026-02-04 22:41:46:4146 error: Redis client error getaddrinfo ENOTFOUND redis-w02s.railway.internal
2026-02-04 22:41:46:4146 warn: Redis connection closed
2026-02-04 22:41:47:4147 error: Redis client error getaddrinfo ENOTFOUND redis-w02s.railway.internal
2026-02-04 22:41:47:4147 warn: Redis connection closed
2026-02-04 22:41:49:4149 error: Redis client error getaddrinfo ENOTFOUND redis-w02s.railway.internal
2026-02-04 22:41:49:4149 warn: Redis connection closed
2026-02-04 22:41:50:4150 info: Page scanned
2026-02-04 22:41:50:4150 error: Redis client error getaddrinfo ENOTFOUND redis-w02s.railway.internal
2026-02-04 22:41:50:4150 warn: Redis connection closed
2026-02-04 22:41:52:4152 error: Redis client error getaddrinfo ENOTFOUND redis-w02s.railway.internal
2026-02-04 22:41:52:4152 warn: Redis connection closed
2026-02-04 22:41:53:4153 error: Redis client error getaddrinfo ENOTFOUND redis-w02s.railway.internal
2026-02-04 22:41:53:4153 warn: Redis connection closed
2026-02-04 22:41:55:4155 error: Redis client error getaddrinfo ENOTFOUND redis-w02s.railway.internal
2026-02-04 22:41:55:4155 warn: Redis connection closed
2026-02-04 22:41:56:4156 error: Redis client error getaddrinfo ENOTFOUND redis-w02s.railway.internal
2026-02-04 22:41:56:4156 warn: Redis connection closed
2026-02-04 22:41:57:4157 warn: Rejected non-headshot crop
2026-02-04 22:41:58:4158 error: Redis client error getaddrinfo ENOTFOUND redis-w02s.railway.internal
2026-02-04 22:41:58:4158 warn: Redis connection closed
2026-02-04 22:41:59:4159 error: Redis client error getaddrinfo ENOTFOUND redis-w02s.railway.internal
2026-02-04 22:41:59:4159 warn: Redis connection closed
2026-02-04 22:42:01:421 error: Redis client error getaddrinfo ENOTFOUND redis-w02s.railway.internal
2026-02-04 22:42:01:421 warn: Redis connection closed
2026-02-04 22:42:03:423 error: Redis client error getaddrinfo ENOTFOUND redis-w02s.railway.internal
2026-02-04 22:42:03:423 warn: Redis connection closed
2026-02-04 22:42:05:425 error: Redis client error getaddrinfo ENOTFOUND redis-w02s.railway.internal
2026-02-04 22:42:05:425 warn: Redis connection closed
2026-02-04 22:42:06:426 error: Redis client error getaddrinfo ENOTFOUND redis-w02s.railway.internal
2026-02-04 22:42:06:426 warn: Redis connection closed
2026-02-04 22:42:08:428 info: Page scanned
2026-02-04 22:42:08:428 error: Redis client error getaddrinfo ENOTFOUND redis-w02s.railway.internal
2026-02-04 22:42:08:428 warn: Redis connection closed
2026-02-04 22:42:10:4210 error: Redis client error getaddrinfo ENOTFOUND redis-w02s.railway.internal
2026-02-04 22:42:10:4210 warn: Redis connection closed
2026-02-04 22:42:12:4212 error: Redis client error getaddrinfo ENOTFOUND redis-w02s.railway.internal
2026-02-04 22:42:12:4212 warn: Redis connection closed
2026-02-04 22:42:14:4214 error: Redis client error getaddrinfo ENOTFOUND redis-w02s.railway.internal
2026-02-04 22:42:14:4214 warn: Redis connection closed
2026-02-04 22:42:16:4216 error: Redis client error getaddrinfo ENOTFOUND redis-w02s.railway.internal
2026-02-04 22:42:16:4216 warn: Redis connection closed
2026-02-04 22:42:18:4218 info: Success
2026-02-04 22:42:18:4218 error: Redis client error getaddrinfo ENOTFOUND redis-w02s.railway.internal
2026-02-04 22:42:18:4218 warn: Redis connection closed
2026-02-04 22:42:20:4220 error: Redis client error getaddrinfo ENOTFOUND redis-w02s.railway.internal
2026-02-04 22:42:20:4220 warn: Redis connection closed
2026-02-04 22:42:22:4222 error: Redis client error getaddrinfo ENOTFOUND redis-w02s.railway.internal
2026-02-04 22:42:22:4222 warn: Redis connection closed
2026-02-04 22:42:24:4224 error: Redis client error getaddrinfo ENOTFOUND redis-w02s.railway.internal
2026-02-04 22:42:24:4224 warn: Redis connection closed
2026-02-04 22:42:26:4226 error: Redis client error getaddrinfo ENOTFOUND redis-w02s.railway.internal
2026-02-04 22:42:26:4226 warn: Redis connection closed
2026-02-04 22:42:28:4228 error: Redis client error getaddrinfo ENOTFOUND redis-w02s.railway.internal
2026-02-04 22:42:28:4228 warn: Redis connection closed
2026-02-04 22:42:30:4230 error: Redis client error getaddrinfo ENOTFOUND redis-w02s.railway.internal
2026-02-04 22:42:30:4230 warn: Redis connection closed
2026-02-04 22:42:33:4233 error: Redis client error getaddrinfo ENOTFOUND redis-w02s.railway.internal
2026-02-04 22:42:33:4233 warn: Redis connection closed
2026-02-04 22:42:35:4235 error: Redis client error getaddrinfo ENOTFOUND redis-w02s.railway.internal
2026-02-04 22:42:35:4235 warn: Redis connection closed
2026-02-04 22:42:37:4237 error: Redis client error getaddrinfo ENOTFOUND redis-w02s.railway.internal
2026-02-04 22:42:37:4237 warn: Redis connection closed
2026-02-04 22:42:39:4239 error: Redis client error getaddrinfo ENOTFOUND redis-w02s.railway.internal
2026-02-04 22:42:39:4239 warn: Redis connection closed
2026-02-04 22:42:41:4241 error: Redis client error getaddrinfo ENOTFOUND redis-w02s.railway.internal
2026-02-04 22:42:41:4241 warn: Redis connection closed
2026-02-04 22:42:43:4243 error: Redis client error getaddrinfo ENOTFOUND redis-w02s.railway.internal
2026-02-04 22:42:43:4243 warn: Redis connection closed
2026-02-04 22:42:45:4245 error: Redis client error getaddrinfo ENOTFOUND redis-w02s.railway.internal
2026-02-04 22:42:45:4245 warn: Redis connection closed
2026-02-04 22:42:47:4247 error: Redis client error getaddrinfo ENOTFOUND redis-w02s.railway.internal
2026-02-04 22:42:47:4247 warn: Redis connection closed
2026-02-04 22:42:49:4249 error: Redis client error getaddrinfo ENOTFOUND redis-w02s.railway.internal
2026-02-04 22:42:49:4249 warn: Redis connection closed
2026-02-04 22:42:51:4251 error: Redis client error getaddrinfo ENOTFOUND redis-w02s.railway.internal
2026-02-04 22:42:51:4251 warn: Redis connection closed
2026-02-04 22:42:53:4253 error: Redis client error getaddrinfo ENOTFOUND redis-w02s.railway.internal
2026-02-04 22:42:53:4253 warn: Redis connection closed
2026-02-04 22:42:55:4255 error: Redis client error getaddrinfo ENOTFOUND redis-w02s.railway.internal
2026-02-04 22:42:55:4255 warn: Redis connection closed
